<?xml version="1.0" encoding="UTF-8"?>
<testsuite name="com.quantitymeasurement.UnitsTest" tests="5" skipped="0" failures="0" errors="0" timestamp="2020-05-18T17:51:58" hostname="DESKTOP-196HMRI" time="0.006">
  <properties/>
  <testcase name="givenFoot_WhenNull_ReturnsFalse" classname="com.quantitymeasurement.UnitsTest" time="0.004"/>
  <testcase name="givenFeetObject_WhenReferanceSame_ReturnsTrue" classname="com.quantitymeasurement.UnitsTest" time="0.0"/>
  <testcase name="givenBothFoot_WhenToZero_ReturnsEqualToTrue" classname="com.quantitymeasurement.UnitsTest" time="0.0"/>
  <testcase name="givenFeetObject_WithSameValues_ReturnsTrue" classname="com.quantitymeasurement.UnitsTest" time="0.0"/>
  <testcase name="givenFeetObject_WhenTypeSame_ReturnsTrue" classname="com.quantitymeasurement.UnitsTest" time="0.0"/>
  <system-out><![CDATA[]]></system-out>
  <system-err><![CDATA[]]></system-err>
</testsuite>
