<?xml version="1.0" encoding="UTF-8"?>
<testsuite name="com.quantitymeasurement.UnitsTest" tests="1" skipped="0" failures="0" errors="0" timestamp="2020-05-18T20:51:00" hostname="DESKTOP-196HMRI" time="0.018">
  <properties/>
  <testcase name="givenGallonAndLitres_WhenAdded_ReturnsSum" classname="com.quantitymeasurement.UnitsTest" time="0.018"/>
  <system-out><![CDATA[]]></system-out>
  <system-err><![CDATA[]]></system-err>
</testsuite>
